<?xml version="1.0" encoding="UTF-8"?>
<testsuite xmlns:xsi="http://www.w3.org/2001/XMLSchema-instance" xsi:noNamespaceSchemaLocation="https://maven.apache.org/surefire/maven-surefire-plugin/xsd/surefire-test-report.xsd" name="com.example.tdd.StringCalculatorTest" time="0.055" tests="13" errors="0" skipped="0" failures="0">
  <properties>
    <property name="java.specification.version" value="17"/>
    <property name="sun.cpu.isalist" value="amd64"/>
    <property name="sun.jnu.encoding" value="Cp1252"/>
    <property name="java.class.path" value="E:\Incubyte\tdd\target\test-classes;E:\Incubyte\tdd\target\classes;C:\Users\Karan Ladani\.m2\repository\org\junit\jupiter\junit-jupiter-api\5.8.1\junit-jupiter-api-5.8.1.jar;C:\Users\Karan Ladani\.m2\repository\org\opentest4j\opentest4j\1.2.0\opentest4j-1.2.0.jar;C:\Users\Karan Ladani\.m2\repository\org\junit\platform\junit-platform-commons\1.8.1\junit-platform-commons-1.8.1.jar;C:\Users\Karan Ladani\.m2\repository\org\apiguardian\apiguardian-api\1.1.2\apiguardian-api-1.1.2.jar;C:\Users\Karan Ladani\.m2\repository\org\junit\jupiter\junit-jupiter-engine\5.8.1\junit-jupiter-engine-5.8.1.jar;C:\Users\Karan Ladani\.m2\repository\org\junit\platform\junit-platform-engine\1.8.1\junit-platform-engine-1.8.1.jar;"/>
    <property name="java.vm.vendor" value="Oracle Corporation"/>
    <property name="sun.arch.data.model" value="64"/>
    <property name="user.variant" value=""/>
    <property name="java.vendor.url" value="https://java.oracle.com/"/>
    <property name="user.timezone" value="Asia/Calcutta"/>
    <property name="os.name" value="Windows 11"/>
    <property name="java.vm.specification.version" value="17"/>
    <property name="sun.java.launcher" value="SUN_STANDARD"/>
    <property name="user.country" value="IN"/>
    <property name="sun.boot.library.path" value="C:\Program Files\Java\jdk-17\bin"/>
    <property name="sun.java.command" value="C:\Users\KARANL~1\AppData\Local\Temp\surefire16471368947363116254\surefirebooter12181210651654008147.jar C:\Users\Karan Ladani\AppData\Local\Temp\surefire16471368947363116254 2024-07-30T19-05-10_477-jvmRun1 surefire15645993511957288233tmp surefire_015565072982860686387tmp"/>
    <property name="jdk.debug" value="release"/>
    <property name="surefire.test.class.path" value="E:\Incubyte\tdd\target\test-classes;E:\Incubyte\tdd\target\classes;C:\Users\Karan Ladani\.m2\repository\org\junit\jupiter\junit-jupiter-api\5.8.1\junit-jupiter-api-5.8.1.jar;C:\Users\Karan Ladani\.m2\repository\org\opentest4j\opentest4j\1.2.0\opentest4j-1.2.0.jar;C:\Users\Karan Ladani\.m2\repository\org\junit\platform\junit-platform-commons\1.8.1\junit-platform-commons-1.8.1.jar;C:\Users\Karan Ladani\.m2\repository\org\apiguardian\apiguardian-api\1.1.2\apiguardian-api-1.1.2.jar;C:\Users\Karan Ladani\.m2\repository\org\junit\jupiter\junit-jupiter-engine\5.8.1\junit-jupiter-engine-5.8.1.jar;C:\Users\Karan Ladani\.m2\repository\org\junit\platform\junit-platform-engine\1.8.1\junit-platform-engine-1.8.1.jar;"/>
    <property name="sun.cpu.endian" value="little"/>
    <property name="user.home" value="C:\Users\Karan Ladani"/>
    <property name="user.language" value="en"/>
    <property name="java.specification.vendor" value="Oracle Corporation"/>
    <property name="java.version.date" value="2023-04-18"/>
    <property name="java.home" value="C:\Program Files\Java\jdk-17"/>
    <property name="file.separator" value="\"/>
    <property name="basedir" value="E:\Incubyte\tdd"/>
    <property name="java.vm.compressedOopsMode" value="32-bit"/>
    <property name="line.separator" value="&#10;"/>
    <property name="java.vm.specification.vendor" value="Oracle Corporation"/>
    <property name="java.specification.name" value="Java Platform API Specification"/>
    <property name="surefire.real.class.path" value="C:\Users\KARANL~1\AppData\Local\Temp\surefire16471368947363116254\surefirebooter12181210651654008147.jar"/>
    <property name="user.script" value=""/>
    <property name="sun.management.compiler" value="HotSpot 64-Bit Tiered Compilers"/>
    <property name="java.runtime.version" value="17.0.7+8-LTS-224"/>
    <property name="user.name" value="Karan Ladani"/>
    <property name="path.separator" value=";"/>
    <property name="os.version" value="10.0"/>
    <property name="java.runtime.name" value="Java(TM) SE Runtime Environment"/>
    <property name="file.encoding" value="Cp1252"/>
    <property name="java.vm.name" value="Java HotSpot(TM) 64-Bit Server VM"/>
    <property name="localRepository" value="C:\Users\Karan Ladani\.m2\repository"/>
    <property name="java.vendor.url.bug" value="https://bugreport.java.com/bugreport/"/>
    <property name="java.io.tmpdir" value="C:\Users\KARANL~1\AppData\Local\Temp\"/>
    <property name="java.version" value="17.0.7"/>
    <property name="user.dir" value="E:\Incubyte\tdd"/>
    <property name="os.arch" value="amd64"/>
    <property name="java.vm.specification.name" value="Java Virtual Machine Specification"/>
    <property name="sun.os.patch.level" value=""/>
    <property name="native.encoding" value="Cp1252"/>
    <property name="java.library.path" value="C:\Program Files\Java\jdk-17\bin;C:\WINDOWS\Sun\Java\bin;C:\WINDOWS\system32;C:\WINDOWS;C:\Program Files\Common Files\Oracle\Java\javapath;C:\Users\Karan Ladani\AppData\Local\Programs\Python\Python311\Scripts\;C:\Users\Karan Ladani\AppData\Local\Programs\Python\Python311\;C:\WINDOWS\system32;C:\WINDOWS;C:\WINDOWS\System32\Wbem;C:\WINDOWS\System32\WindowsPowerShell\v1.0\;C:\WINDOWS\System32\OpenSSH\;C:\ProgramData\chocolatey\bin;C:\Program Files\Microsoft SQL Server\150\Tools\Binn\;C:\Program Files\dotnet\;C:\Program Files\MongoDB\Server\6.0\bin;C:\Users\Karan Ladani\Downloads\mongosh-1.10.1-win32-x64\mongosh-1.10.1-win32-x64\bin;C:\Program Files\Git\cmd;C:\Program Files\Java\jdk-17\bin;C:\AppDev\flutter;C:\Program Files\Docker\Docker\resources\bin;C:\Users\Karan Ladani\AppData\Local\Pub\Cache\bin;C:\Program Files (x86)\Microsoft SQL Server\160\Tools\Binn\;C:\Program Files\Microsoft SQL Server\Client SDK\ODBC\170\Tools\Binn\;C:\Program Files\Microsoft SQL Server\160\DTS\Binn\;C:\Program Files (x86)\Microsoft SQL Server\160\DTS\Binn\;C:\Program Files\Azure Data Studio\bin;C:\Program Files\nodejs\;C:\Users\Karan Ladani\AppData\Roaming\npm\node_modules\yarn\bin;C:\Users\Karan Ladani\AppData\Local\Microsoft\WindowsApps;C:\Program Files\CodeBlocks\MinGW\bin;C:\Users\Karan Ladani\AppData\Local\Programs\Microsoft VS Code\bin;C:\Users\Karan Ladani\Downloads\flutter_windows_3.10.5-stable\flutter\bin;C:\Program Files\MongoDB\Server\6.0\bin;C:\Users\Karan Ladani\.dotnet\tools;C:\Users\Karan Ladani\Downloads\mongosh-1.10.1-win32-x64\mongosh-1.10.1-win32-x64\bin;C:\Users\Karan Ladani\Downloads\mongodb-windows-x86_64-6.0.7\mongodb-win32-x86_64-windows-6.0.7\bin;C:\Program Files\MongoDB\Server\6.0\bin;C:\Users\Karan Ladani\AppData\Local\Programs\Hyper\resources\bin;C:\MinGW\bin;C:\tools\dart-sdk\bin;C:\Users\Karan Ladani\AppData\Roaming\Pub\Cache\bin;C:\Program Files\Azure Data Studio\bin;C:\Program Files\Azure Data Studio\bin;C:\Users\Karan Ladani\AppData\Roaming\npm;C:\Users\Karan Ladani\Downloads\apache-maven-3.9.6-bin\apache-maven-3.9.6\bin;;."/>
    <property name="java.vm.info" value="mixed mode, sharing"/>
    <property name="java.vendor" value="Oracle Corporation"/>
    <property name="java.vm.version" value="17.0.7+8-LTS-224"/>
    <property name="sun.io.unicode.encoding" value="UnicodeLittle"/>
    <property name="java.class.version" value="61.0"/>
  </properties>
  <testcase name="negativeNumbers" classname="com.example.tdd.StringCalculatorTest" time="0.031"/>
  <testcase name="testAddWithMultipleLongDelimiters" classname="com.example.tdd.StringCalculatorTest" time="0"/>
  <testcase name="twoNumbers" classname="com.example.tdd.StringCalculatorTest" time="0.001"/>
  <testcase name="customDelimiter" classname="com.example.tdd.StringCalculatorTest" time="0.001"/>
  <testcase name="longDelimiter" classname="com.example.tdd.StringCalculatorTest" time="0.001"/>
  <testcase name="numbersWithNewLines" classname="com.example.tdd.StringCalculatorTest" time="0.002"/>
  <testcase name="multipleDelimiters" classname="com.example.tdd.StringCalculatorTest" time="0.001"/>
  <testcase name="negativeNumbersAndDelimiter" classname="com.example.tdd.StringCalculatorTest" time="0.001"/>
  <testcase name="emptyString" classname="com.example.tdd.StringCalculatorTest" time="0"/>
  <testcase name="numbersGreaterThan1000WithDelimiter" classname="com.example.tdd.StringCalculatorTest" time="0.001"/>
  <testcase name="numbersGreaterThan1000" classname="com.example.tdd.StringCalculatorTest" time="0"/>
  <testcase name="singleNumber" classname="com.example.tdd.StringCalculatorTest" time="0"/>
  <testcase name="commaDelimiter" classname="com.example.tdd.StringCalculatorTest" time="0.001"/>
</testsuite>